Start testing: Mar 28 18:34 MDT
----------------------------------------------------------
8/31 Testing: server remains stable across repeated joins and leaves
8/31 Test: server remains stable across repeated joins and leaves
Command: "/home/martinb/Documents/AshPawServer/build-vcpkg/ashpaw_server_tests" "server remains stable across repeated joins and leaves"
Directory: /home/martinb/Documents/AshPawServer/build-vcpkg
"server remains stable across repeated joins and leaves" start time: Mar 28 18:34 MDT
Output:
----------------------------------------------------------
Filters: "server remains stable across repeated joins and leaves"
Randomness seeded to: 2370047766
[2026-03-28 18:34:58.682] [info] peer connected
[2026-03-28 18:34:58.682] [info] session 1 activated as entity 1
[2026-03-28 18:34:58.802] [info] peer disconnected; session=1
[2026-03-28 18:34:58.964] [info] peer connected
[2026-03-28 18:34:58.964] [info] session 2 activated as entity 2
[2026-03-28 18:34:59.082] [info] peer disconnected; session=2
[2026-03-28 18:34:59.246] [info] peer connected
[2026-03-28 18:34:59.246] [info] session 3 activated as entity 3
[2026-03-28 18:34:59.365] [info] peer disconnected; session=3
[2026-03-28 18:34:59.527] [info] peer connected
[2026-03-28 18:34:59.527] [info] session 4 activated as entity 4
[2026-03-28 18:34:59.645] [info] peer disconnected; session=4
[2026-03-28 18:34:59.807] [info] peer connected
[2026-03-28 18:34:59.807] [info] session 5 activated as entity 5
[2026-03-28 18:34:59.926] [info] peer disconnected; session=5
===============================================================================
All tests passed (31 assertions in 1 test case)

<end of output>
Test time =   1.41 sec
----------------------------------------------------------
Test Passed.
"server remains stable across repeated joins and leaves" end time: Mar 28 18:35 MDT
"server remains stable across repeated joins and leaves" time elapsed: 00:00:01
----------------------------------------------------------

11/31 Testing: player reconnect restores persisted position and identity
11/31 Test: player reconnect restores persisted position and identity
Command: "/home/martinb/Documents/AshPawServer/build-vcpkg/ashpaw_server_tests" "player reconnect restores persisted position and identity"
Directory: /home/martinb/Documents/AshPawServer/build-vcpkg
"player reconnect restores persisted position and identity" start time: Mar 28 18:35 MDT
Output:
----------------------------------------------------------
<end of output>
Test time =   0.00 sec
----------------------------------------------------------
Test Failed.
"player reconnect restores persisted position and identity" end time: Mar 28 18:35 MDT
"player reconnect restores persisted position and identity" time elapsed: 00:00:00
----------------------------------------------------------

16/31 Testing: clients receive authoritative identity and chat broadcast
16/31 Test: clients receive authoritative identity and chat broadcast
Command: "/home/martinb/Documents/AshPawServer/build-vcpkg/ashpaw_server_tests" "clients receive authoritative identity and chat broadcast"
Directory: /home/martinb/Documents/AshPawServer/build-vcpkg
"clients receive authoritative identity and chat broadcast" start time: Mar 28 18:35 MDT
Output:
----------------------------------------------------------
<end of output>
Test time =   0.00 sec
----------------------------------------------------------
Test Failed.
"clients receive authoritative identity and chat broadcast" end time: Mar 28 18:35 MDT
"clients receive authoritative identity and chat broadcast" time elapsed: 00:00:00
----------------------------------------------------------

17/31 Testing: client hello round-trips through header decode
17/31 Test: client hello round-trips through header decode
Command: "/home/martinb/Documents/AshPawServer/build-vcpkg/ashpaw_server_tests" "client hello round-trips through header decode"
Directory: /home/martinb/Documents/AshPawServer/build-vcpkg
"client hello round-trips through header decode" start time: Mar 28 18:35 MDT
Output:
----------------------------------------------------------
<end of output>
Test time =   0.00 sec
----------------------------------------------------------
Test Failed.
"client hello round-trips through header decode" end time: Mar 28 18:35 MDT
"client hello round-trips through header decode" time elapsed: 00:00:00
----------------------------------------------------------

25/31 Testing: two clients can handshake, spawn, and receive snapshots
25/31 Test: two clients can handshake, spawn, and receive snapshots
Command: "/home/martinb/Documents/AshPawServer/build-vcpkg/ashpaw_server_tests" "two clients can handshake\, spawn\, and receive snapshots"
Directory: /home/martinb/Documents/AshPawServer/build-vcpkg
"two clients can handshake, spawn, and receive snapshots" start time: Mar 28 18:35 MDT
Output:
----------------------------------------------------------
<end of output>
Test time =   0.00 sec
----------------------------------------------------------
Test Failed.
"two clients can handshake, spawn, and receive snapshots" end time: Mar 28 18:35 MDT
"two clients can handshake, spawn, and receive snapshots" time elapsed: 00:00:00
----------------------------------------------------------

End testing: Mar 28 18:35 MDT
